<?xml version="1.0" encoding="UTF-8"?>
<!-- Generated by org.testng.reporters.JUnitXMLReporter -->
<testsuite hostname="ADBIN0257" ignored="0" tests="1" failures="1" timestamp="26 Jul 2019 03:43:39 GMT" time="7.985" errors="0">
  <testcase name="uploadMedia" time="0.009" classname="ActivityTestCase">
    <failure type="java.lang.NullPointerException">
      <![CDATA[java.lang.NullPointerException
at LoginTestCase.loginwithValidData(LoginTestCase.java:46)
at ActivityTestCase.uploadMedia(ActivityTestCase.java:49)
... Removed 25 stack frames]]>
    </failure>
  </testcase> <!-- uploadMedia -->
</testsuite>
