<?xml version="1.0" encoding="UTF-8"?>
<!-- Generated by org.testng.reporters.JUnitXMLReporter -->
<testsuite hostname="ADBIN0257" ignored="0" name="rt assignement" tests="9" failures="0" timestamp="28 Jul 2019 18:00:23 GMT" time="255.999" errors="0">
  <testcase name="loginWithValidData" time="6.061" classname="com.rtassignment.testcases.LoginPageTest"/>
  <testcase name="loginWithInvalidPassword" time="3.552" classname="com.rtassignment.testcases.LoginPageTest"/>
  <testcase name="loginWithInvalidUsername" time="1.351" classname="com.rtassignment.testcases.LoginPageTest"/>
  <testcase name="loginWithBlankUsername" time="1.631" classname="com.rtassignment.testcases.LoginPageTest"/>
  <testcase name="loginWithBlankPassword" time="0.946" classname="com.rtassignment.testcases.LoginPageTest"/>
  <testcase name="loginwithBlankcredentails" time="1.707" classname="com.rtassignment.testcases.LoginPageTest"/>
  <testcase name="addMedia" time="21.257" classname="com.rtassignment.testcases.ActivityPageTest"/>
  <testcase name="createAlbum" time="31.127" classname="com.rtassignment.testcases.CreateAlbumTest"/>
  <testcase name="ChangeCoverImageTest" time="23.604" classname="com.rtassignment.testcases.ProfilePageTest"/>
</testsuite> <!-- rt assignement -->
